2023-05-16T14:46:32.457149+0300 INFO File size 208136
2023-05-16T14:46:32.458192+0300 INFO File size 1097140
2023-05-16T14:46:32.458658+0300 INFO File size 365883
2023-05-16T14:51:49.768895+0300 INFO File size 208136
2023-05-16T14:51:49.772108+0300 INFO File size 1097140
2023-05-16T14:51:49.772873+0300 INFO File size 365883
2023-05-16T14:52:50.005678+0300 INFO File size 208136
2023-05-16T14:52:50.008256+0300 INFO File size 1097140
2023-05-16T14:52:50.009069+0300 INFO File size 365883
2023-05-16T14:53:33.490309+0300 INFO File size 208136
2023-05-16T14:53:33.493169+0300 INFO File size 1097140
2023-05-16T14:53:33.493985+0300 INFO File size 365883
2023-05-16T15:02:43.030553+0300 INFO Get image size
2023-05-16T15:03:35.392940+0300 INFO Get image size
2023-05-16T15:03:35.393637+0300 INFO Get image size
2023-05-16T15:03:35.394161+0300 INFO Get image size
2023-05-16T15:03:35.394678+0300 INFO Get image size
2023-05-16T15:03:35.395180+0300 INFO Get image size
2023-05-16T15:03:35.395640+0300 INFO Get image size
2023-05-16T15:04:12.768540+0300 INFO File size 208136
2023-05-16T15:04:12.770844+0300 INFO File size 1097140
2023-05-16T15:04:12.771475+0300 INFO File size 365883
2023-05-16T15:04:21.385123+0300 INFO Get image size
2023-05-16T15:04:21.385892+0300 INFO Get image size
2023-05-16T15:04:21.386456+0300 INFO Get image size
2023-05-16T15:04:21.387044+0300 INFO Get image size
2023-05-16T15:06:09.728679+0300 INFO File size 208136
2023-05-16T15:06:09.730961+0300 INFO File size 1097140
2023-05-16T15:06:09.731586+0300 INFO File size 365883
2023-05-16T15:06:09.732402+0300 INFO Get image size
2023-05-16T15:06:09.732774+0300 INFO Get image size
2023-05-16T15:06:09.733249+0300 INFO Get image size
2023-05-16T15:06:09.733701+0300 INFO Get image size
2023-05-16T15:06:32.080395+0300 INFO File size 208136
2023-05-16T15:06:32.082637+0300 INFO File size 1097140
2023-05-16T15:06:32.083285+0300 INFO File size 365883
2023-05-16T15:06:32.084235+0300 INFO Get image size
2023-05-16T15:06:32.084742+0300 INFO Get image size
2023-05-16T15:06:32.085294+0300 INFO Get image size
2023-05-16T15:06:32.085861+0300 INFO Get image size
2023-05-16T15:06:49.495965+0300 INFO File size 208136
2023-05-16T15:06:49.498126+0300 INFO File size 1097140
2023-05-16T15:06:49.498807+0300 INFO File size 365883
2023-05-16T15:06:49.499753+0300 INFO Get image size
2023-05-16T15:06:49.500253+0300 INFO Get image size
2023-05-16T15:06:49.500752+0300 INFO Get image size
2023-05-16T15:10:30.644985+0300 INFO File size 208136
2023-05-16T15:10:30.646399+0300 INFO Get image size
2023-05-16T15:10:30.646828+0300 INFO File size 1097140
2023-05-16T15:10:30.647467+0300 INFO File size 365883
2023-05-16T15:11:09.799915+0300 INFO File size 208136
2023-05-16T15:11:09.801863+0300 INFO File size 1097140
2023-05-16T15:11:09.802368+0300 INFO File size 365883
2023-05-16T15:11:12.805028+0300 INFO Get image size
2023-05-16T15:11:12.805914+0300 INFO Get image size
2023-05-16T15:11:12.806497+0300 INFO Get image size
2023-05-16T15:11:12.806984+0300 INFO Get image size
2023-05-16T15:11:12.807465+0300 INFO Get image size
2023-05-16T15:11:37.015520+0300 INFO File size 208136
2023-05-16T15:11:37.016409+0300 INFO File size 1097140
2023-05-16T15:11:37.017053+0300 INFO File size 365883
2023-05-16T15:11:40.849704+0300 INFO File size 208136
2023-05-16T15:11:40.851252+0300 INFO File size 1097140
2023-05-16T15:11:40.851363+0300 INFO Get image size
2023-05-16T15:11:40.852079+0300 INFO File size 365883
2023-05-16T15:11:40.852390+0300 INFO Get image size
2023-05-16T15:11:40.852929+0300 INFO Get image size
2023-05-16T15:11:40.853342+0300 INFO Get image size
2023-05-16T15:11:40.853720+0300 INFO Get image size
2023-05-16T15:11:40.854188+0300 INFO Get image size
2023-05-16T15:11:44.388408+0300 INFO File size 208136
2023-05-16T15:11:44.390034+0300 INFO File size 1097140
2023-05-16T15:11:44.390679+0300 INFO File size 365883
2023-05-16T15:11:45.909205+0300 INFO File size 208136
2023-05-16T15:11:45.910615+0300 INFO Get image size
2023-05-16T15:11:45.910883+0300 INFO File size 1097140
2023-05-16T15:11:45.911670+0300 INFO Get image size
2023-05-16T15:11:45.912002+0300 INFO File size 365883
2023-05-16T15:11:45.912393+0300 INFO Get image size
2023-05-16T15:11:45.912919+0300 INFO Get image size
2023-05-16T15:11:45.913334+0300 INFO Get image size
2023-05-16T15:11:45.913729+0300 INFO Get image size
2023-05-16T15:12:05.967840+0300 INFO File size 208136
2023-05-16T15:12:05.968634+0300 INFO File size 1097140
2023-05-16T15:12:05.969082+0300 INFO File size 365883
2023-05-16T15:12:11.233337+0300 INFO Get image size
2023-05-16T15:12:11.233976+0300 INFO Get image size
2023-05-16T15:12:11.234458+0300 INFO Get image size
2023-05-16T15:12:11.235208+0300 INFO File size 208136
2023-05-16T15:12:11.235736+0300 INFO File size 1097140
2023-05-16T15:12:11.236110+0300 INFO File size 365883
2023-05-16T15:12:13.576983+0300 INFO Get image size
2023-05-16T15:12:13.577642+0300 INFO Get image size
2023-05-16T15:12:13.578012+0300 INFO Get image size
2023-05-16T15:12:13.578752+0300 INFO File size 208136
2023-05-16T15:12:13.579282+0300 INFO File size 1097140
2023-05-16T15:12:13.579668+0300 INFO File size 365883
2023-05-16T15:12:15.181972+0300 INFO Get image size
2023-05-16T15:12:15.182728+0300 INFO Get image size
2023-05-16T15:12:15.183316+0300 INFO Get image size
2023-05-16T15:12:15.183940+0300 INFO File size 208136
2023-05-16T15:12:15.184502+0300 INFO File size 1097140
2023-05-16T15:12:15.184990+0300 INFO File size 365883
2023-05-16T15:12:16.471991+0300 INFO Get image size
2023-05-16T15:12:16.472648+0300 INFO Get image size
2023-05-16T15:12:16.473117+0300 INFO Get image size
2023-05-16T15:12:16.473825+0300 INFO File size 208136
2023-05-16T15:12:16.474366+0300 INFO File size 1097140
2023-05-16T15:12:16.474913+0300 INFO File size 365883
2023-05-16T15:12:17.636336+0300 INFO Get image size
2023-05-16T15:12:17.637146+0300 INFO Get image size
2023-05-16T15:12:17.637549+0300 INFO Get image size
2023-05-16T15:12:17.638140+0300 INFO File size 208136
2023-05-16T15:12:17.638844+0300 INFO File size 1097140
2023-05-16T15:12:17.639270+0300 INFO File size 365883
2023-05-16T15:12:33.411693+0300 INFO File size 208136
2023-05-16T15:12:33.413779+0300 INFO File size 1097140
2023-05-16T15:12:33.414380+0300 INFO File size 365883
2023-05-16T15:12:33.415373+0300 INFO Get image size
2023-05-16T15:12:33.415876+0300 INFO Get image size
2023-05-16T15:12:33.416342+0300 INFO Get image size
2023-05-16T15:12:33.416796+0300 INFO Get image size
2023-05-16T15:12:33.417188+0300 INFO Get image size
2023-05-16T15:12:33.417557+0300 INFO Get image size
2023-05-16T15:12:36.573539+0300 INFO File size 208136
2023-05-16T15:12:36.575536+0300 INFO File size 1097140
2023-05-16T15:12:36.576049+0300 INFO File size 365883
2023-05-16T15:12:36.576956+0300 INFO Get image size
2023-05-16T15:12:36.577456+0300 INFO Get image size
2023-05-16T15:12:36.577956+0300 INFO Get image size
2023-05-16T15:12:38.256976+0300 INFO File size 208136
2023-05-16T15:12:38.259143+0300 INFO File size 1097140
2023-05-16T15:12:38.259698+0300 INFO File size 365883
2023-05-16T15:12:38.260590+0300 INFO Get image size
2023-05-16T15:12:38.261012+0300 INFO Get image size
2023-05-16T15:12:38.261369+0300 INFO Get image size
2023-05-16T15:12:39.398370+0300 INFO File size 208136
2023-05-16T15:12:39.400506+0300 INFO File size 1097140
2023-05-16T15:12:39.401015+0300 INFO File size 365883
2023-05-16T15:12:39.401979+0300 INFO Get image size
2023-05-16T15:12:39.402412+0300 INFO Get image size
2023-05-16T15:12:39.402921+0300 INFO Get image size
2023-05-16T15:12:40.342393+0300 INFO File size 208136
2023-05-16T15:12:40.344421+0300 INFO File size 1097140
2023-05-16T15:12:40.344874+0300 INFO File size 365883
2023-05-16T15:12:40.345729+0300 INFO Get image size
2023-05-16T15:12:40.346106+0300 INFO Get image size
2023-05-16T15:12:40.346577+0300 INFO Get image size
2023-05-16T15:13:38.326385+0300 INFO File size 208136, count = 0
2023-05-16T15:13:38.328677+0300 INFO File size 1097140, count = 0
2023-05-16T15:13:38.329218+0300 INFO File size 365883, count = 0
2023-05-16T15:13:38.330248+0300 INFO Get image size, count = 0
2023-05-16T15:13:38.330812+0300 INFO Get image size, count = 0
2023-05-16T15:13:38.331203+0300 INFO Get image size, count = 0
2023-05-16T15:14:14.222846+0300 INFO File size 208136, count = 0
2023-05-16T15:14:14.225056+0300 INFO File size 1097140, count = 1
2023-05-16T15:14:14.225636+0300 INFO File size 365883, count = 2
2023-05-16T15:14:14.226663+0300 INFO Get image size, count = 0
2023-05-16T15:14:14.227248+0300 INFO Get image size, count = 1
2023-05-16T15:14:14.227743+0300 INFO Get image size, count = 2
2023-05-16T15:14:27.189060+0300 INFO File size 208136, count = 1
2023-05-16T15:14:27.191707+0300 INFO File size 1097140, count = 2
2023-05-16T15:14:27.192368+0300 INFO File size 365883, count = 3
2023-05-16T15:14:27.193767+0300 INFO Get image size, count = 1
2023-05-16T15:14:27.194326+0300 INFO Get image size, count = 2
2023-05-16T15:14:27.194945+0300 INFO Get image size, count = 3
2023-05-16T15:17:01.114499+0300 INFO File size 414264, count = 1
2023-05-16T15:17:01.116679+0300 INFO File size 1059867, count = 2
2023-05-16T15:17:01.117216+0300 INFO File size 677190, count = 3
2023-05-16T15:17:01.117711+0300 INFO File size 180279, count = 4
2023-05-16T15:17:01.118199+0300 INFO File size 368727, count = 5
2023-05-16T15:17:01.118695+0300 INFO File size 208136, count = 6
2023-05-16T15:17:01.119201+0300 INFO File size 2296375, count = 7
2023-05-16T15:17:01.119607+0300 INFO File size 1097140, count = 8
2023-05-16T15:17:01.120010+0300 INFO File size 546220, count = 9
2023-05-16T15:17:01.120400+0300 INFO File size 365883, count = 10
2023-05-16T15:17:01.121253+0300 INFO Get image size, count = 1
2023-05-16T15:17:01.121735+0300 INFO Get image size, count = 2
2023-05-16T15:17:01.122126+0300 INFO Get image size, count = 3
2023-05-16T15:17:01.122654+0300 INFO Get image size, count = 4
2023-05-16T15:17:01.123046+0300 INFO Get image size, count = 5
2023-05-16T15:17:01.123423+0300 INFO Get image size, count = 6
2023-05-16T15:17:01.123879+0300 INFO Get image size, count = 7
2023-05-16T15:17:01.124336+0300 INFO Get image size, count = 8
2023-05-16T15:17:01.124787+0300 INFO Get image size, count = 9
2023-05-16T15:17:01.125174+0300 INFO Get image size, count = 10
2023-05-16T15:20:08.794868+0300 INFO File size 414264, count = 1
2023-05-16T15:20:08.796961+0300 INFO File size 1059867, count = 2
2023-05-16T15:20:08.797548+0300 INFO File size 677190, count = 3
2023-05-16T15:20:08.798080+0300 INFO File size 180279, count = 4
2023-05-16T15:20:08.798589+0300 INFO File size 368727, count = 5
2023-05-16T15:20:08.799105+0300 INFO File size 208136, count = 6
2023-05-16T15:20:08.799584+0300 INFO File size 2296375, count = 7
2023-05-16T15:20:08.800067+0300 INFO File size 1097140, count = 8
2023-05-16T15:20:08.800542+0300 INFO File size 546220, count = 9
2023-05-16T15:20:08.801010+0300 INFO File size 365883, count = 10
2023-05-16T15:20:08.807042+0300 INFO Get image size, count = 1
2023-05-16T15:20:08.809235+0300 INFO Get image size, count = 2
2023-05-16T15:20:08.811280+0300 INFO Get image size, count = 3
2023-05-16T15:20:08.813456+0300 INFO Get image size, count = 4
2023-05-16T15:20:08.815497+0300 INFO Get image size, count = 5
2023-05-16T15:20:08.817455+0300 INFO Get image size, count = 6
2023-05-16T15:20:08.819487+0300 INFO Get image size, count = 7
2023-05-16T15:20:08.821544+0300 INFO Get image size, count = 8
2023-05-16T15:20:08.823739+0300 INFO Get image size, count = 9
2023-05-16T15:20:08.825753+0300 INFO Get image size, count = 10
2023-05-16T15:20:08.828636+0300 ERROR (psycopg2.errors.NotNullViolation) null value in column "size_images" of relation "images" violates not-null constraint
DETAIL:  Failing row contains (12, 2023-05-16 15:20:08.826607, null).

[SQL: INSERT INTO images (size_images) VALUES (%(size_images)s) RETURNING images.id, images.time_write]
[parameters: {'size_images': None}]
(Background on this error at: https://sqlalche.me/e/20/gkpj)
2023-05-16T15:21:52.705564+0300 INFO File size 414264, count = 1
2023-05-16T15:21:52.707645+0300 INFO File size 1059867, count = 2
2023-05-16T15:21:52.708150+0300 INFO File size 677190, count = 3
2023-05-16T15:21:52.708589+0300 INFO File size 180279, count = 4
2023-05-16T15:21:52.708975+0300 INFO File size 368727, count = 5
2023-05-16T15:21:52.709450+0300 INFO File size 208136, count = 6
2023-05-16T15:21:52.709938+0300 INFO File size 2296375, count = 7
2023-05-16T15:21:52.710519+0300 INFO File size 1097140, count = 8
2023-05-16T15:21:52.711055+0300 INFO File size 546220, count = 9
2023-05-16T15:21:52.711433+0300 INFO File size 365883, count = 10
2023-05-16T15:21:52.717191+0300 INFO Get image size, count = 1
2023-05-16T15:21:52.719491+0300 INFO Get image size, count = 2
2023-05-16T15:21:52.721613+0300 INFO Get image size, count = 3
2023-05-16T15:21:52.723655+0300 INFO Get image size, count = 4
2023-05-16T15:21:52.725597+0300 INFO Get image size, count = 5
2023-05-16T15:21:52.727489+0300 INFO Get image size, count = 6
2023-05-16T15:21:52.729272+0300 INFO Get image size, count = 7
2023-05-16T15:21:52.731210+0300 INFO Get image size, count = 8
2023-05-16T15:21:52.733290+0300 INFO Get image size, count = 9
2023-05-16T15:21:52.738479+0300 INFO Get image size, count = 10
2023-05-16T15:21:52.742396+0300 ERROR (psycopg2.errors.NotNullViolation) null value in column "size_images" of relation "images" violates not-null constraint
DETAIL:  Failing row contains (23, 2023-05-16 15:21:52.739915, null).

[SQL: INSERT INTO images (size_images) VALUES (%(size_images)s) RETURNING images.id, images.time_write]
[parameters: {'size_images': None}]
(Background on this error at: https://sqlalche.me/e/20/gkpj)
2023-05-16T15:22:29.964926+0300 INFO File size 414264, count = 1
2023-05-16T15:22:29.967383+0300 INFO File size 1059867, count = 2
2023-05-16T15:22:29.967905+0300 INFO File size 677190, count = 3
2023-05-16T15:22:29.968472+0300 INFO File size 180279, count = 4
2023-05-16T15:22:29.968916+0300 INFO File size 368727, count = 5
2023-05-16T15:22:29.969380+0300 INFO File size 208136, count = 6
2023-05-16T15:22:29.969891+0300 INFO File size 2296375, count = 7
2023-05-16T15:22:29.970407+0300 INFO File size 1097140, count = 8
2023-05-16T15:22:29.970997+0300 INFO File size 546220, count = 9
2023-05-16T15:22:29.971393+0300 INFO File size 365883, count = 10
2023-05-16T15:22:29.977207+0300 INFO Get image size, count = 1
2023-05-16T15:22:29.979677+0300 INFO Get image size, count = 2
2023-05-16T15:22:29.981819+0300 INFO Get image size, count = 3
2023-05-16T15:22:29.984250+0300 INFO Get image size, count = 4
2023-05-16T15:22:29.986408+0300 INFO Get image size, count = 5
2023-05-16T15:22:29.988424+0300 INFO Get image size, count = 6
2023-05-16T15:22:29.990335+0300 INFO Get image size, count = 7
2023-05-16T15:22:29.992441+0300 INFO Get image size, count = 8
2023-05-16T15:22:29.994399+0300 INFO Get image size, count = 9
2023-05-16T15:22:29.996425+0300 INFO Get image size, count = 10
2023-05-16T15:28:54.719563+0300 INFO File size 414264, count = 1
2023-05-16T15:28:54.728151+0300 INFO Number of files send: 1
2023-05-16T15:28:54.728377+0300 INFO File size 1059867, count = 2
2023-05-16T15:28:54.729154+0300 INFO File size 677190, count = 3
2023-05-16T15:28:54.729582+0300 INFO File size 180279, count = 4
2023-05-16T15:28:54.730079+0300 INFO File size 368727, count = 5
2023-05-16T15:28:54.730705+0300 INFO File size 208136, count = 6
2023-05-16T15:28:54.731084+0300 INFO File size 2296375, count = 7
2023-05-16T15:28:54.731589+0300 INFO File size 1097140, count = 8
2023-05-16T15:28:54.731966+0300 INFO File size 546220, count = 9
2023-05-16T15:28:54.732454+0300 INFO File size 365883, count = 10
2023-05-16T15:29:14.920060+0300 INFO File size 414264, count = 1
2023-05-16T15:29:14.925314+0300 INFO File size 1059867, count = 2
2023-05-16T15:29:14.927541+0300 INFO File size 677190, count = 3
2023-05-16T15:29:14.928612+0300 INFO Get image size, count = 1
2023-05-16T15:29:14.929360+0300 INFO File size 180279, count = 4
2023-05-16T15:29:14.930615+0300 INFO File size 368727, count = 5
2023-05-16T15:29:14.931442+0300 INFO File size 208136, count = 6
2023-05-16T15:29:14.931993+0300 INFO Get image size, count = 2
2023-05-16T15:29:14.932329+0300 INFO File size 2296375, count = 7
2023-05-16T15:29:14.932859+0300 INFO File size 1097140, count = 8
2023-05-16T15:29:14.933967+0300 INFO File size 546220, count = 9
2023-05-16T15:29:14.934395+0300 INFO File size 365883, count = 10
2023-05-16T15:29:14.934829+0300 INFO Get image size, count = 3
2023-05-16T15:29:14.936900+0300 INFO Get image size, count = 4
2023-05-16T15:29:14.939151+0300 INFO Get image size, count = 5
2023-05-16T15:29:14.941136+0300 INFO Get image size, count = 6
2023-05-16T15:29:14.943105+0300 INFO Get image size, count = 7
2023-05-16T15:29:14.945066+0300 INFO Get image size, count = 8
2023-05-16T15:29:14.947357+0300 INFO Get image size, count = 9
2023-05-16T15:29:14.949949+0300 INFO Get image size, count = 10
2023-05-16T15:29:14.957128+0300 INFO Get image size, count = 11
2023-05-16T15:29:14.959980+0300 INFO Get image size, count = 12
2023-05-16T15:29:14.962597+0300 INFO Get image size, count = 13
2023-05-16T15:29:14.965056+0300 INFO Get image size, count = 14
2023-05-16T15:29:14.967674+0300 INFO Get image size, count = 15
2023-05-16T15:29:14.970469+0300 INFO Get image size, count = 16
2023-05-16T15:29:14.974056+0300 INFO Get image size, count = 17
2023-05-16T15:29:14.977373+0300 INFO Get image size, count = 18
2023-05-16T15:29:14.980783+0300 INFO Get image size, count = 19
2023-05-16T15:29:14.983959+0300 INFO Get image size, count = 20
2023-05-16T15:29:14.984773+0300 INFO Number of files send: 21
2023-05-16T15:29:31.635872+0300 INFO File size 414264, count = 1
2023-05-16T15:29:31.637641+0300 INFO Number of files send: 1
2023-05-16T15:29:31.637840+0300 INFO File size 1059867, count = 2
2023-05-16T15:29:31.638365+0300 INFO File size 677190, count = 3
2023-05-16T15:29:31.638985+0300 INFO File size 180279, count = 4
2023-05-16T15:29:31.639460+0300 INFO File size 368727, count = 5
2023-05-16T15:29:31.639985+0300 INFO File size 208136, count = 6
2023-05-16T15:29:31.640690+0300 INFO File size 2296375, count = 7
2023-05-16T15:29:31.641183+0300 INFO File size 1097140, count = 8
2023-05-16T15:29:31.641589+0300 INFO File size 546220, count = 9
2023-05-16T15:29:31.642036+0300 INFO File size 365883, count = 10
2023-05-16T15:29:36.347471+0300 INFO File size 414264, count = 1
2023-05-16T15:29:36.349594+0300 INFO File size 1059867, count = 2
2023-05-16T15:29:36.352705+0300 INFO File size 677190, count = 3
2023-05-16T15:29:36.353616+0300 INFO File size 180279, count = 4
2023-05-16T15:29:36.354136+0300 INFO Get image size, count = 1
2023-05-16T15:29:36.354687+0300 INFO File size 368727, count = 5
2023-05-16T15:29:36.355211+0300 INFO File size 208136, count = 6
2023-05-16T15:29:36.356027+0300 INFO File size 2296375, count = 7
2023-05-16T15:29:36.356694+0300 INFO File size 1097140, count = 8
2023-05-16T15:29:36.357110+0300 INFO File size 546220, count = 9
2023-05-16T15:29:36.357426+0300 INFO Get image size, count = 2
2023-05-16T15:29:36.357954+0300 INFO File size 365883, count = 10
2023-05-16T15:29:36.360471+0300 INFO Get image size, count = 3
2023-05-16T15:29:36.362632+0300 INFO Get image size, count = 4
2023-05-16T15:29:36.364707+0300 INFO Get image size, count = 5
2023-05-16T15:29:36.366629+0300 INFO Get image size, count = 6
2023-05-16T15:29:36.368630+0300 INFO Get image size, count = 7
2023-05-16T15:29:36.370848+0300 INFO Get image size, count = 8
2023-05-16T15:29:36.372823+0300 INFO Get image size, count = 9
2023-05-16T15:29:36.374677+0300 INFO Get image size, count = 10
2023-05-16T15:29:36.380204+0300 INFO Get image size, count = 11
2023-05-16T15:29:36.382735+0300 INFO Get image size, count = 12
2023-05-16T15:29:36.385217+0300 INFO Get image size, count = 13
2023-05-16T15:29:36.388469+0300 INFO Get image size, count = 14
2023-05-16T15:29:36.390904+0300 INFO Get image size, count = 15
2023-05-16T15:29:36.393432+0300 INFO Get image size, count = 16
2023-05-16T15:29:36.395894+0300 INFO Get image size, count = 17
2023-05-16T15:29:36.405556+0300 INFO Get image size, count = 18
2023-05-16T15:29:36.411084+0300 INFO Get image size, count = 19
2023-05-16T15:29:36.415553+0300 INFO Get image size, count = 20
2023-05-16T15:29:36.416320+0300 INFO Number of files send: 21
2023-05-16T15:29:45.873282+0300 INFO File size 414264, count = 1
2023-05-16T15:29:45.875130+0300 INFO File size 1059867, count = 2
2023-05-16T15:29:45.875248+0300 INFO Number of files send: 1
2023-05-16T15:29:45.875775+0300 INFO File size 677190, count = 3
2023-05-16T15:29:45.876155+0300 INFO File size 180279, count = 4
2023-05-16T15:29:45.876644+0300 INFO File size 368727, count = 5
2023-05-16T15:29:45.877124+0300 INFO File size 208136, count = 6
2023-05-16T15:29:45.877599+0300 INFO File size 2296375, count = 7
2023-05-16T15:29:45.878007+0300 INFO File size 1097140, count = 8
2023-05-16T15:29:45.878465+0300 INFO File size 546220, count = 9
2023-05-16T15:29:45.879061+0300 INFO File size 365883, count = 10
2023-05-16T15:30:09.435331+0300 INFO File size 414264, count = 1
2023-05-16T15:30:09.439627+0300 INFO File size 1059867, count = 2
2023-05-16T15:30:09.440666+0300 INFO File size 677190, count = 3
2023-05-16T15:30:09.441289+0300 INFO File size 180279, count = 4
2023-05-16T15:30:09.441759+0300 INFO File size 368727, count = 5
2023-05-16T15:30:09.442218+0300 INFO File size 208136, count = 6
2023-05-16T15:30:09.442466+0300 INFO Get image size, count = 1
2023-05-16T15:30:09.443163+0300 INFO File size 2296375, count = 7
2023-05-16T15:30:09.443993+0300 INFO File size 1097140, count = 8
2023-05-16T15:30:09.444651+0300 INFO File size 546220, count = 9
2023-05-16T15:30:09.445029+0300 INFO File size 365883, count = 10
2023-05-16T15:30:09.445391+0300 INFO Get image size, count = 2
2023-05-16T15:30:09.447620+0300 INFO Get image size, count = 3
2023-05-16T15:30:09.449527+0300 INFO Get image size, count = 4
2023-05-16T15:30:09.451738+0300 INFO Get image size, count = 5
2023-05-16T15:30:09.455672+0300 INFO Get image size, count = 6
2023-05-16T15:30:09.458299+0300 INFO Get image size, count = 7
2023-05-16T15:30:09.460345+0300 INFO Get image size, count = 8
2023-05-16T15:30:09.462277+0300 INFO Get image size, count = 9
2023-05-16T15:30:09.464255+0300 INFO Get image size, count = 10
2023-05-16T15:30:09.469730+0300 INFO Get image size, count = 11
2023-05-16T15:30:09.473192+0300 INFO Get image size, count = 12
2023-05-16T15:30:09.475344+0300 INFO Get image size, count = 13
2023-05-16T15:30:09.477207+0300 INFO Get image size, count = 14
2023-05-16T15:30:09.479271+0300 INFO Get image size, count = 15
2023-05-16T15:30:09.481735+0300 INFO Get image size, count = 16
2023-05-16T15:30:09.484929+0300 INFO Get image size, count = 17
2023-05-16T15:30:09.488746+0300 INFO Get image size, count = 18
2023-05-16T15:30:09.491963+0300 INFO Get image size, count = 19
2023-05-16T15:30:09.493983+0300 INFO Get image size, count = 20
2023-05-16T15:30:09.494690+0300 INFO Number of files send: 21
2023-05-16T15:30:11.421464+0300 INFO File size 414264, count = 1
2023-05-16T15:30:11.423275+0300 INFO Number of files send: 1
2023-05-16T15:30:11.423549+0300 INFO File size 1059867, count = 2
2023-05-16T15:30:11.424153+0300 INFO File size 677190, count = 3
2023-05-16T15:30:11.424559+0300 INFO File size 180279, count = 4
2023-05-16T15:30:11.425030+0300 INFO File size 368727, count = 5
2023-05-16T15:30:11.425502+0300 INFO File size 208136, count = 6
2023-05-16T15:30:11.426004+0300 INFO File size 2296375, count = 7
2023-05-16T15:30:11.426599+0300 INFO File size 1097140, count = 8
2023-05-16T15:30:11.427066+0300 INFO File size 546220, count = 9
2023-05-16T15:30:11.427438+0300 INFO File size 365883, count = 10
2023-05-16T15:30:33.256478+0300 INFO File size 414264, count = 1
2023-05-16T15:30:33.258132+0300 INFO File size 1059867, count = 2
2023-05-16T15:30:33.261380+0300 INFO File size 677190, count = 3
2023-05-16T15:30:33.262353+0300 INFO File size 180279, count = 4
2023-05-16T15:30:33.262930+0300 INFO Get image size, count = 1
2023-05-16T15:30:33.263436+0300 INFO File size 368727, count = 5
2023-05-16T15:30:33.264311+0300 INFO File size 208136, count = 6
2023-05-16T15:30:33.265018+0300 INFO File size 2296375, count = 7
2023-05-16T15:30:33.265555+0300 INFO Get image size, count = 2
2023-05-16T15:30:33.265894+0300 INFO File size 1097140, count = 8
2023-05-16T15:30:33.266742+0300 INFO File size 546220, count = 9
2023-05-16T15:30:33.267395+0300 INFO File size 365883, count = 10
2023-05-16T15:30:33.268028+0300 INFO Get image size, count = 3
2023-05-16T15:30:33.269973+0300 INFO Get image size, count = 4
2023-05-16T15:30:33.271810+0300 INFO Get image size, count = 5
2023-05-16T15:30:33.273597+0300 INFO Get image size, count = 6
2023-05-16T15:30:33.275473+0300 INFO Get image size, count = 7
2023-05-16T15:30:33.277457+0300 INFO Get image size, count = 8
2023-05-16T15:30:33.279282+0300 INFO Get image size, count = 9
2023-05-16T15:30:33.281383+0300 INFO Get image size, count = 10
2023-05-16T15:30:33.285304+0300 INFO Get image size, count = 11
2023-05-16T15:30:33.287824+0300 INFO Get image size, count = 12
2023-05-16T15:30:33.290106+0300 INFO Get image size, count = 13
2023-05-16T15:30:33.292369+0300 INFO Get image size, count = 14
2023-05-16T15:30:33.299350+0300 INFO Get image size, count = 15
2023-05-16T15:30:33.304929+0300 INFO Get image size, count = 16
2023-05-16T15:30:33.308345+0300 INFO Get image size, count = 17
2023-05-16T15:30:33.310866+0300 INFO Get image size, count = 18
2023-05-16T15:30:33.313135+0300 INFO Get image size, count = 19
2023-05-16T15:30:33.315388+0300 INFO Get image size, count = 20
2023-05-16T15:30:33.316059+0300 INFO Number of files send: 21
2023-05-16T15:30:34.782947+0300 INFO File size 414264, count = 1
2023-05-16T15:30:34.784337+0300 INFO Number of files send: 1
2023-05-16T15:30:34.784602+0300 INFO File size 1059867, count = 2
2023-05-16T15:30:34.785138+0300 INFO File size 677190, count = 3
2023-05-16T15:30:34.785629+0300 INFO File size 180279, count = 4
2023-05-16T15:30:34.786117+0300 INFO File size 368727, count = 5
2023-05-16T15:30:34.786543+0300 INFO File size 208136, count = 6
2023-05-16T15:30:34.787078+0300 INFO File size 2296375, count = 7
2023-05-16T15:30:34.787486+0300 INFO File size 1097140, count = 8
2023-05-16T15:30:34.787857+0300 INFO File size 546220, count = 9
2023-05-16T15:30:34.788333+0300 INFO File size 365883, count = 10
2023-05-16T15:30:36.418261+0300 INFO File size 414264, count = 1
2023-05-16T15:30:36.422712+0300 INFO File size 1059867, count = 2
2023-05-16T15:30:36.423842+0300 INFO File size 677190, count = 3
2023-05-16T15:30:36.424689+0300 INFO Get image size, count = 1
2023-05-16T15:30:36.424881+0300 INFO File size 180279, count = 4
2023-05-16T15:30:36.426108+0300 INFO File size 368727, count = 5
2023-05-16T15:30:36.426927+0300 INFO File size 208136, count = 6
2023-05-16T15:30:36.427359+0300 INFO File size 2296375, count = 7
2023-05-16T15:30:36.427775+0300 INFO File size 1097140, count = 8
2023-05-16T15:30:36.428090+0300 INFO Get image size, count = 2
2023-05-16T15:30:36.428526+0300 INFO File size 546220, count = 9
2023-05-16T15:30:36.429368+0300 INFO File size 365883, count = 10
2023-05-16T15:30:36.430696+0300 INFO Get image size, count = 3
2023-05-16T15:30:36.432764+0300 INFO Get image size, count = 4
2023-05-16T15:30:36.434778+0300 INFO Get image size, count = 5
2023-05-16T15:30:36.436780+0300 INFO Get image size, count = 6
2023-05-16T15:30:36.438663+0300 INFO Get image size, count = 7
2023-05-16T15:30:36.440553+0300 INFO Get image size, count = 8
2023-05-16T15:30:36.442660+0300 INFO Get image size, count = 9
2023-05-16T15:30:36.444651+0300 INFO Get image size, count = 10
2023-05-16T15:30:36.451541+0300 INFO Get image size, count = 11
2023-05-16T15:30:36.454289+0300 INFO Get image size, count = 12
2023-05-16T15:30:36.462948+0300 INFO Get image size, count = 13
2023-05-16T15:30:36.467955+0300 INFO Get image size, count = 14
2023-05-16T15:30:36.470662+0300 INFO Get image size, count = 15
2023-05-16T15:30:36.472751+0300 INFO Get image size, count = 16
2023-05-16T15:30:36.474808+0300 INFO Get image size, count = 17
2023-05-16T15:30:36.477006+0300 INFO Get image size, count = 18
2023-05-16T15:30:36.479627+0300 INFO Get image size, count = 19
2023-05-16T15:30:36.482161+0300 INFO Get image size, count = 20
2023-05-16T15:30:36.482871+0300 INFO Number of files send: 21
2023-05-16T15:30:37.547745+0300 INFO File size 414264, count = 1
2023-05-16T15:30:37.549357+0300 INFO Number of files send: 1
2023-05-16T15:30:37.549545+0300 INFO File size 1059867, count = 2
2023-05-16T15:30:37.550123+0300 INFO File size 677190, count = 3
2023-05-16T15:30:37.550670+0300 INFO File size 180279, count = 4
2023-05-16T15:30:37.551182+0300 INFO File size 368727, count = 5
2023-05-16T15:30:37.551609+0300 INFO File size 208136, count = 6
2023-05-16T15:30:37.552125+0300 INFO File size 2296375, count = 7
2023-05-16T15:30:37.552618+0300 INFO File size 1097140, count = 8
2023-05-16T15:30:37.553034+0300 INFO File size 546220, count = 9
2023-05-16T15:30:37.553421+0300 INFO File size 365883, count = 10
2023-05-16T15:30:56.026346+0300 INFO File size 414264, count = 1
2023-05-16T15:30:56.028477+0300 INFO File size 1059867, count = 2
2023-05-16T15:30:56.028951+0300 INFO File size 677190, count = 3
2023-05-16T15:30:56.029378+0300 INFO File size 180279, count = 4
2023-05-16T15:30:56.029750+0300 INFO File size 368727, count = 5
2023-05-16T15:30:56.030232+0300 INFO File size 208136, count = 6
2023-05-16T15:30:56.030754+0300 INFO File size 2296375, count = 7
2023-05-16T15:30:56.031236+0300 INFO File size 1097140, count = 8
2023-05-16T15:30:56.031747+0300 INFO File size 546220, count = 9
2023-05-16T15:30:56.032226+0300 INFO File size 365883, count = 10
2023-05-16T15:30:56.037410+0300 INFO Get image size, count = 1
2023-05-16T15:30:56.039751+0300 INFO Get image size, count = 2
2023-05-16T15:30:56.041817+0300 INFO Get image size, count = 3
2023-05-16T15:30:56.044403+0300 INFO Get image size, count = 4
2023-05-16T15:30:56.046896+0300 INFO Get image size, count = 5
2023-05-16T15:30:56.049348+0300 INFO Get image size, count = 6
2023-05-16T15:30:56.051473+0300 INFO Get image size, count = 7
2023-05-16T15:30:56.053552+0300 INFO Get image size, count = 8
2023-05-16T15:30:56.055951+0300 INFO Get image size, count = 9
2023-05-16T15:30:56.058276+0300 INFO Get image size, count = 10
2023-05-16T15:30:56.060850+0300 INFO Get image size, count = 11
2023-05-16T15:30:56.067594+0300 INFO Get image size, count = 12
2023-05-16T15:30:56.071370+0300 INFO Get image size, count = 13
2023-05-16T15:30:56.076266+0300 INFO Get image size, count = 14
2023-05-16T15:30:56.080518+0300 INFO Get image size, count = 15
2023-05-16T15:30:56.083178+0300 INFO Get image size, count = 16
2023-05-16T15:30:56.085617+0300 INFO Get image size, count = 17
2023-05-16T15:30:56.088412+0300 INFO Get image size, count = 18
2023-05-16T15:30:56.091458+0300 INFO Get image size, count = 19
2023-05-16T15:30:56.094211+0300 INFO Get image size, count = 20
2023-05-16T15:30:56.094822+0300 INFO Number of files send: 21
2023-05-16T15:30:57.823270+0300 INFO File size 414264, count = 1
2023-05-16T15:30:57.825504+0300 INFO File size 1059867, count = 2
2023-05-16T15:30:57.826072+0300 INFO File size 677190, count = 3
2023-05-16T15:30:57.826717+0300 INFO File size 180279, count = 4
2023-05-16T15:30:57.827206+0300 INFO File size 368727, count = 5
2023-05-16T15:30:57.827591+0300 INFO File size 208136, count = 6
2023-05-16T15:30:57.828073+0300 INFO File size 2296375, count = 7
2023-05-16T15:30:57.828554+0300 INFO File size 1097140, count = 8
2023-05-16T15:30:57.829021+0300 INFO File size 546220, count = 9
2023-05-16T15:30:57.829424+0300 INFO File size 365883, count = 10
2023-05-16T15:30:57.834760+0300 INFO Get image size, count = 1
2023-05-16T15:30:57.837165+0300 INFO Get image size, count = 2
2023-05-16T15:30:57.839170+0300 INFO Get image size, count = 3
2023-05-16T15:30:57.841035+0300 INFO Get image size, count = 4
2023-05-16T15:30:57.842845+0300 INFO Get image size, count = 5
2023-05-16T15:30:57.845248+0300 INFO Get image size, count = 6
2023-05-16T15:30:57.847559+0300 INFO Get image size, count = 7
2023-05-16T15:30:57.849694+0300 INFO Get image size, count = 8
2023-05-16T15:30:57.851779+0300 INFO Get image size, count = 9
2023-05-16T15:30:57.854004+0300 INFO Get image size, count = 10
2023-05-16T15:30:57.854618+0300 INFO Number of files send: 11
2023-05-17T08:48:15.836512+0300 INFO File size 414264, count = 1
2023-05-17T08:48:15.837694+0300 INFO Number of files send: 1
2023-05-17T08:48:15.839780+0300 INFO File size 1059867, count = 2
2023-05-17T08:48:15.840235+0300 INFO File size 677190, count = 3
2023-05-17T08:48:15.840714+0300 INFO File size 180279, count = 4
2023-05-17T08:48:15.841202+0300 INFO File size 368727, count = 5
2023-05-17T08:48:15.841827+0300 INFO File size 208136, count = 6
2023-05-17T08:48:15.842249+0300 INFO File size 2296375, count = 7
2023-05-17T08:48:15.842853+0300 INFO File size 1097140, count = 8
2023-05-17T08:48:15.843262+0300 INFO File size 546220, count = 9
2023-05-17T08:48:15.843642+0300 INFO File size 365883, count = 10
2023-05-17T08:48:24.230053+0300 INFO File size 414264, count = 1
2023-05-17T08:48:24.234114+0300 INFO File size 1059867, count = 2
2023-05-17T08:48:24.235182+0300 INFO File size 677190, count = 3
2023-05-17T08:48:24.235650+0300 INFO File size 180279, count = 4
2023-05-17T08:48:24.235883+0300 INFO Get image size, count = 1
2023-05-17T08:48:24.236583+0300 INFO File size 368727, count = 5
2023-05-17T08:48:24.237622+0300 INFO File size 208136, count = 6
2023-05-17T08:48:24.238050+0300 INFO File size 2296375, count = 7
2023-05-17T08:48:24.238735+0300 INFO File size 1097140, count = 8
2023-05-17T08:48:24.238871+0300 INFO Get image size, count = 2
2023-05-17T08:48:24.240058+0300 INFO File size 546220, count = 9
2023-05-17T08:48:24.240877+0300 INFO File size 365883, count = 10
2023-05-17T08:48:24.241702+0300 INFO Get image size, count = 3
2023-05-17T08:48:24.249288+0300 INFO Get image size, count = 4
2023-05-17T08:48:24.254606+0300 INFO Get image size, count = 5
2023-05-17T08:48:24.260173+0300 INFO Get image size, count = 6
2023-05-17T08:48:24.269824+0300 INFO Get image size, count = 7
2023-05-17T08:48:24.276258+0300 INFO Get image size, count = 8
2023-05-17T08:48:24.280166+0300 INFO Get image size, count = 9
2023-05-17T08:48:24.283205+0300 INFO Get image size, count = 10
2023-05-17T08:48:24.292384+0300 INFO Get image size, count = 11
2023-05-17T08:48:24.301209+0300 INFO Get image size, count = 12
2023-05-17T08:48:24.305615+0300 INFO Get image size, count = 13
2023-05-17T08:48:24.309377+0300 INFO Get image size, count = 14
2023-05-17T08:48:24.318454+0300 INFO Get image size, count = 15
2023-05-17T08:48:24.323753+0300 INFO Get image size, count = 16
2023-05-17T08:48:24.327507+0300 INFO Get image size, count = 17
2023-05-17T08:48:24.330597+0300 INFO Get image size, count = 18
2023-05-17T08:48:24.337830+0300 INFO Get image size, count = 19
2023-05-17T08:48:24.343153+0300 INFO Get image size, count = 20
2023-05-17T08:48:24.344538+0300 INFO Number of files send: 21
2023-05-17T08:48:57.256175+0300 INFO File size 414264, count = 1
2023-05-17T08:48:57.257657+0300 INFO Number of files send: 1
2023-05-17T08:48:57.257931+0300 INFO File size 1059867, count = 2
2023-05-17T08:48:57.258484+0300 INFO File size 677190, count = 3
2023-05-17T08:48:57.259019+0300 INFO File size 180279, count = 4
2023-05-17T08:48:57.259531+0300 INFO File size 368727, count = 5
2023-05-17T08:48:57.260032+0300 INFO File size 208136, count = 6
2023-05-17T08:48:57.260536+0300 INFO File size 2296375, count = 7
2023-05-17T08:48:57.261042+0300 INFO File size 1097140, count = 8
2023-05-17T08:48:57.261536+0300 INFO File size 546220, count = 9
2023-05-17T08:48:57.262024+0300 INFO File size 365883, count = 10
2023-05-17T08:49:15.472199+0300 INFO File size 414264, count = 1
2023-05-17T08:49:15.474924+0300 INFO File size 1059867, count = 2
2023-05-17T08:49:15.478239+0300 INFO File size 677190, count = 3
2023-05-17T08:49:15.479447+0300 INFO File size 180279, count = 4
2023-05-17T08:49:15.480068+0300 INFO Get image size, count = 1
2023-05-17T08:49:15.480200+0300 INFO File size 368727, count = 5
2023-05-17T08:49:15.481240+0300 INFO File size 208136, count = 6
2023-05-17T08:49:15.482007+0300 INFO File size 2296375, count = 7
2023-05-17T08:49:15.482645+0300 INFO Get image size, count = 2
2023-05-17T08:49:15.482773+0300 INFO File size 1097140, count = 8
2023-05-17T08:49:15.483765+0300 INFO File size 546220, count = 9
2023-05-17T08:49:15.484495+0300 INFO File size 365883, count = 10
2023-05-17T08:49:15.485116+0300 INFO Get image size, count = 3
2023-05-17T08:49:15.487456+0300 INFO Get image size, count = 4
2023-05-17T08:49:15.489855+0300 INFO Get image size, count = 5
2023-05-17T08:49:15.492337+0300 INFO Get image size, count = 6
2023-05-17T08:49:15.495912+0300 INFO Get image size, count = 7
2023-05-17T08:49:15.498239+0300 INFO Get image size, count = 8
2023-05-17T08:49:15.500912+0300 INFO Get image size, count = 9
2023-05-17T08:49:15.503947+0300 INFO Get image size, count = 10
2023-05-17T08:49:15.512237+0300 INFO Get image size, count = 11
2023-05-17T08:49:15.515049+0300 INFO Get image size, count = 12
2023-05-17T08:49:15.517867+0300 INFO Get image size, count = 13
2023-05-17T08:49:15.520517+0300 INFO Get image size, count = 14
2023-05-17T08:49:15.523192+0300 INFO Get image size, count = 15
2023-05-17T08:49:15.527507+0300 INFO Get image size, count = 16
2023-05-17T08:49:15.530736+0300 INFO Get image size, count = 17
2023-05-17T08:49:15.534258+0300 INFO Get image size, count = 18
2023-05-17T08:49:15.536707+0300 INFO Get image size, count = 19
2023-05-17T08:49:15.539489+0300 INFO Get image size, count = 20
2023-05-17T08:49:15.540162+0300 INFO Number of files send: 21
2023-05-17T08:49:19.241813+0300 INFO File size 414264, count = 1
2023-05-17T08:49:19.243790+0300 INFO Number of files send: 1
2023-05-17T08:49:19.243954+0300 INFO File size 1059867, count = 2
2023-05-17T08:49:19.244450+0300 INFO File size 677190, count = 3
2023-05-17T08:49:19.244962+0300 INFO File size 180279, count = 4
2023-05-17T08:49:19.245453+0300 INFO File size 368727, count = 5
2023-05-17T08:49:19.245933+0300 INFO File size 208136, count = 6
2023-05-17T08:49:19.246412+0300 INFO File size 2296375, count = 7
2023-05-17T08:49:19.246903+0300 INFO File size 1097140, count = 8
2023-05-17T08:49:19.247391+0300 INFO File size 546220, count = 9
2023-05-17T08:49:19.247806+0300 INFO File size 365883, count = 10
2023-05-17T08:50:37.945714+0300 INFO File size 414264, count = 1
2023-05-17T08:50:37.950728+0300 INFO File size 1059867, count = 2
2023-05-17T08:50:37.951466+0300 INFO Get image size, count = 1
2023-05-17T08:50:37.951857+0300 INFO File size 677190, count = 3
2023-05-17T08:50:37.953035+0300 INFO File size 180279, count = 4
2023-05-17T08:50:37.953541+0300 INFO File size 368727, count = 5
2023-05-17T08:50:37.953928+0300 INFO Get image size, count = 2
2023-05-17T08:50:37.954408+0300 INFO File size 208136, count = 6
2023-05-17T08:50:37.955580+0300 INFO File size 2296375, count = 7
2023-05-17T08:50:37.956082+0300 INFO File size 1097140, count = 8
2023-05-17T08:50:37.956466+0300 INFO Get image size, count = 3
2023-05-17T08:50:37.956948+0300 INFO File size 546220, count = 9
2023-05-17T08:50:37.958504+0300 INFO File size 365883, count = 10
2023-05-17T08:50:37.959640+0300 INFO Get image size, count = 4
2023-05-17T08:50:37.962206+0300 INFO Get image size, count = 5
2023-05-17T08:50:37.964460+0300 INFO Get image size, count = 6
2023-05-17T08:50:37.966799+0300 INFO Get image size, count = 7
2023-05-17T08:50:37.975517+0300 INFO Get image size, count = 8
2023-05-17T08:50:37.983420+0300 INFO Get image size, count = 9
2023-05-17T08:50:37.986950+0300 INFO Get image size, count = 10
2023-05-17T08:50:37.994381+0300 INFO Get image size, count = 11
2023-05-17T08:50:38.004374+0300 INFO Get image size, count = 12
2023-05-17T08:50:38.007341+0300 INFO Get image size, count = 13
2023-05-17T08:50:38.010693+0300 INFO Get image size, count = 14
2023-05-17T08:50:38.013716+0300 INFO Get image size, count = 15
2023-05-17T08:50:38.022921+0300 INFO Get image size, count = 16
2023-05-17T08:50:38.028774+0300 INFO Get image size, count = 17
2023-05-17T08:50:38.032220+0300 INFO Get image size, count = 18
2023-05-17T08:50:38.034697+0300 INFO Get image size, count = 19
2023-05-17T08:50:38.036958+0300 INFO Get image size, count = 20
2023-05-17T08:50:38.037688+0300 INFO Number of files send: 21
2023-05-17T08:50:39.797301+0300 INFO File size 414264, count = 1
2023-05-17T08:50:39.798843+0300 INFO Number of files send: 1
2023-05-17T08:50:39.799366+0300 INFO File size 1059867, count = 2
2023-05-17T08:50:39.799768+0300 INFO File size 677190, count = 3
2023-05-17T08:50:39.800253+0300 INFO File size 180279, count = 4
2023-05-17T08:50:39.800653+0300 INFO File size 368727, count = 5
2023-05-17T08:50:39.801137+0300 INFO File size 208136, count = 6
2023-05-17T08:50:39.801616+0300 INFO File size 2296375, count = 7
2023-05-17T08:50:39.802092+0300 INFO File size 1097140, count = 8
2023-05-17T08:50:39.802618+0300 INFO File size 546220, count = 9
2023-05-17T08:50:39.803113+0300 INFO File size 365883, count = 10
2023-05-17T08:50:41.342145+0300 INFO File size 414264, count = 1
2023-05-17T08:50:41.346016+0300 INFO File size 1059867, count = 2
2023-05-17T08:50:41.347070+0300 INFO File size 677190, count = 3
2023-05-17T08:50:41.347529+0300 INFO Get image size, count = 1
2023-05-17T08:50:41.348027+0300 INFO File size 180279, count = 4
2023-05-17T08:50:41.349175+0300 INFO File size 368727, count = 5
2023-05-17T08:50:41.349577+0300 INFO File size 208136, count = 6
2023-05-17T08:50:41.349956+0300 INFO File size 2296375, count = 7
2023-05-17T08:50:41.350148+0300 INFO Get image size, count = 2
2023-05-17T08:50:41.350940+0300 INFO File size 1097140, count = 8
2023-05-17T08:50:41.352228+0300 INFO File size 546220, count = 9
2023-05-17T08:50:41.352622+0300 INFO File size 365883, count = 10
2023-05-17T08:50:41.352985+0300 INFO Get image size, count = 3
2023-05-17T08:50:41.355681+0300 INFO Get image size, count = 4
2023-05-17T08:50:41.359546+0300 INFO Get image size, count = 5
2023-05-17T08:50:41.362942+0300 INFO Get image size, count = 6
2023-05-17T08:50:41.371767+0300 INFO Get image size, count = 7
2023-05-17T08:50:41.378469+0300 INFO Get image size, count = 8
2023-05-17T08:50:41.381848+0300 INFO Get image size, count = 9
2023-05-17T08:50:41.389932+0300 INFO Get image size, count = 10
2023-05-17T08:50:41.395034+0300 INFO Get image size, count = 11
2023-05-17T08:50:41.400920+0300 INFO Get image size, count = 12
2023-05-17T08:50:41.404823+0300 INFO Get image size, count = 13
2023-05-17T08:50:41.408144+0300 INFO Get image size, count = 14
2023-05-17T08:50:41.411159+0300 INFO Get image size, count = 15
2023-05-17T08:50:41.414044+0300 INFO Get image size, count = 16
2023-05-17T08:50:41.418012+0300 INFO Get image size, count = 17
2023-05-17T08:50:41.422173+0300 INFO Get image size, count = 18
2023-05-17T08:50:41.425517+0300 INFO Get image size, count = 19
2023-05-17T08:50:41.427758+0300 INFO Get image size, count = 20
2023-05-17T08:50:41.428188+0300 INFO Number of files send: 21
2023-05-17T08:50:42.576869+0300 INFO File size 414264, count = 1
2023-05-17T08:50:42.578316+0300 INFO Number of files send: 1
2023-05-17T08:50:42.579093+0300 INFO File size 1059867, count = 2
2023-05-17T08:50:42.579544+0300 INFO File size 677190, count = 3
2023-05-17T08:50:42.580067+0300 INFO File size 180279, count = 4
2023-05-17T08:50:42.580570+0300 INFO File size 368727, count = 5
2023-05-17T08:50:42.581074+0300 INFO File size 208136, count = 6
2023-05-17T08:50:42.581568+0300 INFO File size 2296375, count = 7
2023-05-17T08:50:42.582099+0300 INFO File size 1097140, count = 8
2023-05-17T08:50:42.582721+0300 INFO File size 546220, count = 9
2023-05-17T08:50:42.583119+0300 INFO File size 365883, count = 10
2023-05-17T08:51:10.549103+0300 INFO File size 414264, count = 1
2023-05-17T08:51:10.553362+0300 INFO File size 1059867, count = 2
2023-05-17T08:51:10.554334+0300 INFO File size 677190, count = 3
2023-05-17T08:51:10.555062+0300 INFO File size 180279, count = 4
2023-05-17T08:51:10.555300+0300 INFO Get image size, count = 1
2023-05-17T08:51:10.555934+0300 INFO File size 368727, count = 5
2023-05-17T08:51:10.557096+0300 INFO File size 208136, count = 6
2023-05-17T08:51:10.557529+0300 INFO File size 2296375, count = 7
2023-05-17T08:51:10.558017+0300 INFO Get image size, count = 2
2023-05-17T08:51:10.558246+0300 INFO File size 1097140, count = 8
2023-05-17T08:51:10.559590+0300 INFO File size 546220, count = 9
2023-05-17T08:51:10.560023+0300 INFO File size 365883, count = 10
2023-05-17T08:51:10.560479+0300 INFO Get image size, count = 3
2023-05-17T08:51:10.562879+0300 INFO Get image size, count = 4
2023-05-17T08:51:10.565854+0300 INFO Get image size, count = 5
2023-05-17T08:51:10.572816+0300 INFO Get image size, count = 6
2023-05-17T08:51:10.577716+0300 INFO Get image size, count = 7
2023-05-17T08:51:10.586780+0300 INFO Get image size, count = 8
2023-05-17T08:51:10.592022+0300 INFO Get image size, count = 9
2023-05-17T08:51:10.599066+0300 INFO Get image size, count = 10
2023-05-17T08:51:10.605169+0300 INFO Get image size, count = 11
2023-05-17T08:51:10.611329+0300 INFO Get image size, count = 12
2023-05-17T08:51:10.617851+0300 INFO Get image size, count = 13
2023-05-17T08:51:10.624877+0300 INFO Get image size, count = 14
2023-05-17T08:51:10.627564+0300 INFO Get image size, count = 15
2023-05-17T08:51:10.630614+0300 INFO Get image size, count = 16
2023-05-17T08:51:10.637844+0300 INFO Get image size, count = 17
2023-05-17T08:51:10.642578+0300 INFO Get image size, count = 18
2023-05-17T08:51:10.651237+0300 INFO Get image size, count = 19
2023-05-17T08:51:10.655372+0300 INFO Get image size, count = 20
2023-05-17T08:51:10.656056+0300 INFO Number of files send: 21
2023-05-17T08:51:12.197646+0300 INFO File size 414264, count = 1
2023-05-17T08:51:12.199349+0300 INFO Number of files send: 1
2023-05-17T08:51:12.199890+0300 INFO File size 1059867, count = 2
2023-05-17T08:51:12.200428+0300 INFO File size 677190, count = 3
2023-05-17T08:51:12.200935+0300 INFO File size 180279, count = 4
2023-05-17T08:51:12.201432+0300 INFO File size 368727, count = 5
2023-05-17T08:51:12.201920+0300 INFO File size 208136, count = 6
2023-05-17T08:51:12.202403+0300 INFO File size 2296375, count = 7
2023-05-17T08:51:12.202906+0300 INFO File size 1097140, count = 8
2023-05-17T08:51:12.203383+0300 INFO File size 546220, count = 9
2023-05-17T08:51:12.203867+0300 INFO File size 365883, count = 10
2023-05-17T08:51:24.491094+0300 INFO File size 414264, count = 1
2023-05-17T08:51:24.493025+0300 INFO File size 1059867, count = 2
2023-05-17T08:51:24.493523+0300 INFO File size 677190, count = 3
2023-05-17T08:51:24.493985+0300 INFO File size 180279, count = 4
2023-05-17T08:51:24.494523+0300 INFO File size 368727, count = 5
2023-05-17T08:51:24.495080+0300 INFO File size 208136, count = 6
2023-05-17T08:51:24.495508+0300 INFO File size 2296375, count = 7
2023-05-17T08:51:24.495885+0300 INFO File size 1097140, count = 8
2023-05-17T08:51:24.496366+0300 INFO File size 546220, count = 9
2023-05-17T08:51:24.496850+0300 INFO File size 365883, count = 10
2023-05-17T08:51:24.502204+0300 INFO Get image size, count = 1
2023-05-17T08:51:24.504730+0300 INFO Get image size, count = 2
2023-05-17T08:51:24.507613+0300 INFO Get image size, count = 3
2023-05-17T08:51:24.510568+0300 INFO Get image size, count = 4
2023-05-17T08:51:24.518720+0300 INFO Get image size, count = 5
2023-05-17T08:51:24.533903+0300 INFO Get image size, count = 6
2023-05-17T08:51:24.539532+0300 INFO Get image size, count = 7
2023-05-17T08:51:24.544848+0300 INFO Get image size, count = 8
2023-05-17T08:51:24.551484+0300 INFO Get image size, count = 9
2023-05-17T08:51:24.557849+0300 INFO Get image size, count = 10
2023-05-17T08:51:24.562491+0300 INFO Get image size, count = 11
2023-05-17T08:51:24.569111+0300 INFO Get image size, count = 12
2023-05-17T08:51:24.575960+0300 INFO Get image size, count = 13
2023-05-17T08:51:24.580881+0300 INFO Get image size, count = 14
2023-05-17T08:51:24.585621+0300 INFO Get image size, count = 15
2023-05-17T08:51:24.589197+0300 INFO Get image size, count = 16
2023-05-17T08:51:24.592293+0300 INFO Get image size, count = 17
2023-05-17T08:51:24.599911+0300 INFO Get image size, count = 18
2023-05-17T08:51:24.604579+0300 INFO Get image size, count = 19
2023-05-17T08:51:24.608469+0300 INFO Get image size, count = 20
2023-05-17T08:51:24.609361+0300 INFO Number of files send: 21
2023-05-17T08:51:26.921783+0300 INFO File size 414264, count = 1
2023-05-17T08:51:26.923823+0300 INFO File size 1059867, count = 2
2023-05-17T08:51:26.924237+0300 INFO File size 677190, count = 3
2023-05-17T08:51:26.924648+0300 INFO File size 180279, count = 4
2023-05-17T08:51:26.925226+0300 INFO File size 368727, count = 5
2023-05-17T08:51:26.925723+0300 INFO File size 208136, count = 6
2023-05-17T08:51:26.926224+0300 INFO File size 2296375, count = 7
2023-05-17T08:51:26.926855+0300 INFO File size 1097140, count = 8
2023-05-17T08:51:26.927254+0300 INFO File size 546220, count = 9
2023-05-17T08:51:26.927738+0300 INFO File size 365883, count = 10
2023-05-17T08:51:26.933001+0300 INFO Get image size, count = 1
2023-05-17T08:51:26.935517+0300 INFO Get image size, count = 2
2023-05-17T08:51:26.939208+0300 INFO Get image size, count = 3
2023-05-17T08:51:26.942425+0300 INFO Get image size, count = 4
2023-05-17T08:51:26.945245+0300 INFO Get image size, count = 5
2023-05-17T08:51:26.949291+0300 INFO Get image size, count = 6
2023-05-17T08:51:26.955380+0300 INFO Get image size, count = 7
2023-05-17T08:51:26.960781+0300 INFO Get image size, count = 8
2023-05-17T08:51:26.963145+0300 INFO Get image size, count = 9
2023-05-17T08:51:26.970029+0300 INFO Get image size, count = 10
2023-05-17T08:51:26.971812+0300 INFO Number of files send: 11
2023-05-17T08:52:12.069924+0300 INFO File size 414264, count = 1
2023-05-17T08:52:12.071731+0300 INFO Number of files send: 1
2023-05-17T08:52:12.072318+0300 INFO File size 1059867, count = 2
2023-05-17T08:52:12.072846+0300 INFO File size 677190, count = 3
2023-05-17T08:52:12.073362+0300 INFO File size 180279, count = 4
2023-05-17T08:52:12.073862+0300 INFO File size 368727, count = 5
2023-05-17T08:52:12.074351+0300 INFO File size 208136, count = 6
2023-05-17T08:52:12.074951+0300 INFO File size 2296375, count = 7
2023-05-17T08:52:12.075423+0300 INFO File size 1097140, count = 8
2023-05-17T08:52:12.075901+0300 INFO File size 546220, count = 9
2023-05-17T08:52:12.076382+0300 INFO File size 365883, count = 10
2023-05-17T08:52:26.222118+0300 INFO File size 414264, count = 1
2023-05-17T08:52:26.225987+0300 INFO File size 1059867, count = 2
2023-05-17T08:52:26.227079+0300 INFO File size 677190, count = 3
2023-05-17T08:52:26.227627+0300 INFO Get image size, count = 1
2023-05-17T08:52:26.227979+0300 INFO File size 180279, count = 4
2023-05-17T08:52:26.229118+0300 INFO File size 368727, count = 5
2023-05-17T08:52:26.229524+0300 INFO File size 208136, count = 6
2023-05-17T08:52:26.229995+0300 INFO Get image size, count = 2
2023-05-17T08:52:26.230405+0300 INFO File size 2296375, count = 7
2023-05-17T08:52:26.231536+0300 INFO File size 1097140, count = 8
2023-05-17T08:52:26.232033+0300 INFO File size 546220, count = 9
2023-05-17T08:52:26.232414+0300 INFO Get image size, count = 3
2023-05-17T08:52:26.232921+0300 INFO File size 365883, count = 10
2023-05-17T08:52:26.234982+0300 INFO Get image size, count = 4
2023-05-17T08:52:26.238783+0300 INFO Get image size, count = 5
2023-05-17T08:52:26.242133+0300 INFO Get image size, count = 6
2023-05-17T08:52:26.250165+0300 INFO Get image size, count = 7
2023-05-17T08:52:26.255806+0300 INFO Get image size, count = 8
2023-05-17T08:52:26.259956+0300 INFO Get image size, count = 9
2023-05-17T08:52:26.262725+0300 INFO Get image size, count = 10
2023-05-17T08:52:26.269645+0300 INFO Get image size, count = 11
2023-05-17T08:52:26.275107+0300 INFO Get image size, count = 12
2023-05-17T08:52:26.278723+0300 INFO Get image size, count = 13
2023-05-17T08:52:26.281111+0300 INFO Get image size, count = 14
2023-05-17T08:52:26.283874+0300 INFO Get image size, count = 15
2023-05-17T08:52:26.286814+0300 INFO Get image size, count = 16
2023-05-17T08:52:26.289121+0300 INFO Get image size, count = 17
2023-05-17T08:52:26.293821+0300 INFO Get image size, count = 18
2023-05-17T08:52:26.298358+0300 INFO Get image size, count = 19
2023-05-17T08:52:26.303411+0300 INFO Get image size, count = 20
2023-05-17T08:52:26.305160+0300 INFO Number of files send: 21
2023-05-17T08:53:15.915353+0300 INFO Put file size 414264, count = 1
2023-05-17T08:53:15.916914+0300 INFO Number of files send: 1
2023-05-17T08:53:15.917505+0300 INFO Put file size 1059867, count = 2
2023-05-17T08:53:15.917993+0300 INFO Put file size 677190, count = 3
2023-05-17T08:53:15.918429+0300 INFO Put file size 180279, count = 4
2023-05-17T08:53:15.919052+0300 INFO Put file size 368727, count = 5
2023-05-17T08:53:15.919494+0300 INFO Put file size 208136, count = 6
2023-05-17T08:53:15.919898+0300 INFO Put file size 2296375, count = 7
2023-05-17T08:53:15.920434+0300 INFO Put file size 1097140, count = 8
2023-05-17T08:53:15.920988+0300 INFO Put file size 546220, count = 9
2023-05-17T08:53:15.921467+0300 INFO Put file size 365883, count = 10
2023-05-17T08:53:18.714301+0300 INFO Put file size 414264, count = 1
2023-05-17T08:53:18.718196+0300 INFO Put file size 1059867, count = 2
2023-05-17T08:53:18.719237+0300 INFO Put file size 677190, count = 3
2023-05-17T08:53:18.719765+0300 INFO Put file size 180279, count = 4
2023-05-17T08:53:18.720025+0300 INFO Get image size, count = 1
2023-05-17T08:53:18.720621+0300 INFO Put file size 368727, count = 5
2023-05-17T08:53:18.721875+0300 INFO Put file size 208136, count = 6
2023-05-17T08:53:18.722290+0300 INFO Put file size 2296375, count = 7
2023-05-17T08:53:18.722822+0300 INFO Get image size, count = 2
2023-05-17T08:53:18.723277+0300 INFO Put file size 1097140, count = 8
2023-05-17T08:53:18.724332+0300 INFO Put file size 546220, count = 9
2023-05-17T08:53:18.724719+0300 INFO Put file size 365883, count = 10
2023-05-17T08:53:18.725213+0300 INFO Get image size, count = 3
2023-05-17T08:53:18.728435+0300 INFO Get image size, count = 4
2023-05-17T08:53:18.731068+0300 INFO Get image size, count = 5
2023-05-17T08:53:18.733210+0300 INFO Get image size, count = 6
2023-05-17T08:53:18.735447+0300 INFO Get image size, count = 7
2023-05-17T08:53:18.742465+0300 INFO Get image size, count = 8
2023-05-17T08:53:18.750357+0300 INFO Get image size, count = 9
2023-05-17T08:53:18.756042+0300 INFO Get image size, count = 10
2023-05-17T08:53:18.762548+0300 INFO Get image size, count = 11
2023-05-17T08:53:18.765896+0300 INFO Get image size, count = 12
2023-05-17T08:53:18.770775+0300 INFO Get image size, count = 13
2023-05-17T08:53:18.774344+0300 INFO Get image size, count = 14
2023-05-17T08:53:18.781192+0300 INFO Get image size, count = 15
2023-05-17T08:53:18.784673+0300 INFO Get image size, count = 16
2023-05-17T08:53:18.789901+0300 INFO Get image size, count = 17
2023-05-17T08:53:18.794861+0300 INFO Get image size, count = 18
2023-05-17T08:53:18.799062+0300 INFO Get image size, count = 19
2023-05-17T08:53:18.801654+0300 INFO Get image size, count = 20
2023-05-17T08:53:18.802223+0300 INFO Number of files send: 21
2023-05-17T08:53:49.345860+0300 INFO Put file size 414264, count = 1
2023-05-17T08:53:49.347413+0300 INFO Number of files send: 0
2023-05-17T08:53:49.347988+0300 INFO Put file size 1059867, count = 2
2023-05-17T08:53:49.348435+0300 INFO Put file size 677190, count = 3
2023-05-17T08:53:49.348948+0300 INFO Put file size 180279, count = 4
2023-05-17T08:53:49.349430+0300 INFO Put file size 368727, count = 5
2023-05-17T08:53:49.349906+0300 INFO Put file size 208136, count = 6
2023-05-17T08:53:49.350417+0300 INFO Put file size 2296375, count = 7
2023-05-17T08:53:49.350997+0300 INFO Put file size 1097140, count = 8
2023-05-17T08:53:49.351466+0300 INFO Put file size 546220, count = 9
2023-05-17T08:53:49.351940+0300 INFO Put file size 365883, count = 10
2023-05-17T08:53:51.412535+0300 INFO Put file size 414264, count = 1
2023-05-17T08:53:51.417692+0300 INFO Put file size 1059867, count = 2
2023-05-17T08:53:51.418317+0300 INFO Get image size, count = 1
2023-05-17T08:53:51.418807+0300 INFO Put file size 677190, count = 3
2023-05-17T08:53:51.419932+0300 INFO Put file size 180279, count = 4
2023-05-17T08:53:51.420367+0300 INFO Put file size 368727, count = 5
2023-05-17T08:53:51.420772+0300 INFO Get image size, count = 2
2023-05-17T08:53:51.421115+0300 INFO Put file size 208136, count = 6
2023-05-17T08:53:51.422523+0300 INFO Put file size 2296375, count = 7
2023-05-17T08:53:51.423167+0300 INFO Get image size, count = 3
2023-05-17T08:53:51.423495+0300 INFO Put file size 1097140, count = 8
2023-05-17T08:53:51.424750+0300 INFO Put file size 546220, count = 9
2023-05-17T08:53:51.425286+0300 INFO Put file size 365883, count = 10
2023-05-17T08:53:51.425687+0300 INFO Get image size, count = 4
2023-05-17T08:53:51.428255+0300 INFO Get image size, count = 5
2023-05-17T08:53:51.430396+0300 INFO Get image size, count = 6
2023-05-17T08:53:51.432673+0300 INFO Get image size, count = 7
2023-05-17T08:53:51.439287+0300 INFO Get image size, count = 8
2023-05-17T08:53:51.446098+0300 INFO Get image size, count = 9
2023-05-17T08:53:51.450390+0300 INFO Get image size, count = 10
2023-05-17T08:53:51.458870+0300 INFO Get image size, count = 11
2023-05-17T08:53:51.468745+0300 INFO Get image size, count = 12
2023-05-17T08:53:51.471833+0300 INFO Get image size, count = 13
2023-05-17T08:53:51.478295+0300 INFO Get image size, count = 14
2023-05-17T08:53:51.481278+0300 INFO Get image size, count = 15
2023-05-17T08:53:51.490659+0300 INFO Get image size, count = 16
2023-05-17T08:53:51.495133+0300 INFO Get image size, count = 17
2023-05-17T08:53:51.497668+0300 INFO Get image size, count = 18
2023-05-17T08:53:51.500021+0300 INFO Get image size, count = 19
2023-05-17T08:53:51.502012+0300 INFO Get image size, count = 20
2023-05-17T08:53:51.502505+0300 INFO Number of files send: 20
2023-05-17T08:54:56.927526+0300 INFO Put file size 414264, count = 1
2023-05-17T08:54:56.931205+0300 INFO Put file size 1059867, count = 2
2023-05-17T08:54:56.932084+0300 INFO Put file size 677190, count = 3
2023-05-17T08:54:56.932867+0300 INFO Put file size 180279, count = 4
2023-05-17T08:54:56.933685+0300 INFO Put file size 368727, count = 5
2023-05-17T08:54:56.934474+0300 INFO Put file size 208136, count = 6
2023-05-17T08:54:56.935663+0300 INFO Put file size 2296375, count = 7
2023-05-17T08:54:56.936306+0300 INFO Put file size 1097140, count = 8
2023-05-17T08:54:56.936826+0300 INFO Put file size 546220, count = 9
2023-05-17T08:54:56.937295+0300 INFO Put file size 365883, count = 10
2023-05-17T08:54:59.936005+0300 INFO Get image size, count = 1
2023-05-17T08:54:59.938426+0300 INFO Get image size, count = 2
2023-05-17T08:54:59.940587+0300 INFO Get image size, count = 3
2023-05-17T08:54:59.942771+0300 INFO Get image size, count = 4
2023-05-17T08:54:59.944647+0300 INFO Get image size, count = 5
2023-05-17T08:54:59.946577+0300 INFO Get image size, count = 6
2023-05-17T08:54:59.948521+0300 INFO Get image size, count = 7
2023-05-17T08:54:59.950814+0300 INFO Get image size, count = 8
2023-05-17T08:54:59.953433+0300 INFO Get image size, count = 9
2023-05-17T08:54:59.955844+0300 INFO Get image size, count = 10
2023-05-17T08:54:59.956731+0300 INFO Number of files send: 10
2023-05-17T08:55:18.818201+0300 INFO Put file size 414264, count = 1
2023-05-17T08:55:18.820426+0300 INFO Put file size 1059867, count = 2
2023-05-17T08:55:18.821058+0300 INFO Put file size 677190, count = 3
2023-05-17T08:55:18.821635+0300 INFO Put file size 180279, count = 4
2023-05-17T08:55:18.822132+0300 INFO Put file size 368727, count = 5
2023-05-17T08:55:18.822790+0300 INFO Put file size 208136, count = 6
2023-05-17T08:55:18.823182+0300 INFO Put file size 2296375, count = 7
2023-05-17T08:55:18.823725+0300 INFO Put file size 1097140, count = 8
2023-05-17T08:55:18.824198+0300 INFO Put file size 546220, count = 9
2023-05-17T08:55:18.824680+0300 INFO Put file size 365883, count = 10
2023-05-17T08:55:21.825484+0300 INFO Get image size, count = 1
2023-05-17T08:55:21.828198+0300 INFO Get image size, count = 2
2023-05-17T08:55:21.830260+0300 INFO Get image size, count = 3
2023-05-17T08:55:21.832328+0300 INFO Get image size, count = 4
2023-05-17T08:55:21.834287+0300 INFO Get image size, count = 5
2023-05-17T08:55:21.836349+0300 INFO Get image size, count = 6
2023-05-17T08:55:21.838502+0300 INFO Get image size, count = 7
2023-05-17T08:55:21.840821+0300 INFO Get image size, count = 8
2023-05-17T08:55:21.842921+0300 INFO Get image size, count = 9
2023-05-17T08:55:21.844860+0300 INFO Get image size, count = 10
2023-05-17T08:55:21.845455+0300 INFO Number of files send: 10
2023-05-17T08:55:31.551240+0300 INFO Put file size 414264, count = 1
2023-05-17T08:55:31.553325+0300 INFO Put file size 1059867, count = 2
2023-05-17T08:55:31.553987+0300 INFO Put file size 677190, count = 3
2023-05-17T08:55:31.554586+0300 INFO Put file size 180279, count = 4
2023-05-17T08:55:31.555108+0300 INFO Put file size 368727, count = 5
2023-05-17T08:55:31.555502+0300 INFO Put file size 208136, count = 6
2023-05-17T08:55:31.555880+0300 INFO Put file size 2296375, count = 7
2023-05-17T08:55:31.556358+0300 INFO Put file size 1097140, count = 8
2023-05-17T08:55:31.556838+0300 INFO Put file size 546220, count = 9
2023-05-17T08:55:31.557306+0300 INFO Put file size 365883, count = 10
2023-05-17T08:55:32.558075+0300 INFO Get image size, count = 1
2023-05-17T08:55:32.560543+0300 INFO Get image size, count = 2
2023-05-17T08:55:32.562692+0300 INFO Get image size, count = 3
2023-05-17T08:55:32.564592+0300 INFO Get image size, count = 4
2023-05-17T08:55:32.566522+0300 INFO Get image size, count = 5
2023-05-17T08:55:32.568380+0300 INFO Get image size, count = 6
2023-05-17T08:55:32.570415+0300 INFO Get image size, count = 7
2023-05-17T08:55:32.572559+0300 INFO Get image size, count = 8
2023-05-17T08:55:32.575039+0300 INFO Get image size, count = 9
2023-05-17T08:55:32.577325+0300 INFO Get image size, count = 10
2023-05-17T08:55:32.578401+0300 INFO Number of files send: 10
2023-05-17T10:41:35.797508+0300 INFO Put file size 414264, count = 1
2023-05-17T10:41:35.801641+0300 INFO Put file size 1059867, count = 2
2023-05-17T10:41:35.802691+0300 INFO Put file size 677190, count = 3
2023-05-17T10:41:35.803445+0300 INFO Put file size 180279, count = 4
2023-05-17T10:41:35.804125+0300 INFO Put file size 368727, count = 5
2023-05-17T10:41:35.804822+0300 INFO Put file size 208136, count = 6
2023-05-17T10:41:35.805522+0300 INFO Put file size 2296375, count = 7
2023-05-17T10:41:35.806046+0300 INFO Put file size 1097140, count = 8
2023-05-17T10:41:35.806754+0300 INFO Put file size 546220, count = 9
2023-05-17T10:41:35.807418+0300 INFO Put file size 365883, count = 10
2023-05-17T10:41:36.804920+0300 INFO Get image size, count = 1
2023-05-17T10:41:36.807882+0300 INFO Get image size, count = 2
2023-05-17T10:41:36.810296+0300 INFO Get image size, count = 3
2023-05-17T10:41:36.812658+0300 INFO Get image size, count = 4
2023-05-17T10:41:36.814845+0300 INFO Get image size, count = 5
2023-05-17T10:41:36.817058+0300 INFO Get image size, count = 6
2023-05-17T10:41:36.820868+0300 INFO Get image size, count = 7
2023-05-17T10:41:36.824213+0300 INFO Get image size, count = 8
2023-05-17T10:41:36.828042+0300 INFO Get image size, count = 9
2023-05-17T10:41:36.830960+0300 INFO Get image size, count = 10
2023-05-17T10:41:36.831718+0300 INFO Number of files send: 10
2023-05-17T12:43:08.566165+0300 INFO Put file size 414264, count = 1
2023-05-17T12:43:08.568649+0300 INFO Put file size 1059867, count = 2
2023-05-17T12:43:08.569503+0300 INFO Put file size 677190, count = 3
2023-05-17T12:43:08.570108+0300 INFO Put file size 180279, count = 4
2023-05-17T12:43:08.570938+0300 INFO Put file size 368727, count = 5
2023-05-17T12:43:08.571516+0300 INFO Put file size 208136, count = 6
2023-05-17T12:43:08.572081+0300 INFO Put file size 2296375, count = 7
2023-05-17T12:43:08.572709+0300 INFO Put file size 1097140, count = 8
2023-05-17T12:43:08.573341+0300 INFO Put file size 546220, count = 9
2023-05-17T12:43:08.573844+0300 INFO Put file size 365883, count = 10
2023-05-17T12:43:09.572392+0300 INFO Get image size, count = 1
2023-05-17T12:43:09.575397+0300 INFO Get image size, count = 2
2023-05-17T12:43:09.577769+0300 INFO Get image size, count = 3
2023-05-17T12:43:09.580322+0300 INFO Get image size, count = 4
2023-05-17T12:43:09.583543+0300 INFO Get image size, count = 5
2023-05-17T12:43:09.586758+0300 INFO Get image size, count = 6
2023-05-17T12:43:09.590304+0300 INFO Get image size, count = 7
2023-05-17T12:43:09.593608+0300 INFO Get image size, count = 8
2023-05-17T12:43:09.597846+0300 INFO Get image size, count = 9
2023-05-17T12:43:09.602866+0300 INFO Get image size, count = 10
2023-05-17T12:43:09.604785+0300 INFO Number of files send: 10
